CHANGED: 2000-2010.html
CHANGED: 2011-2015.html
CHANGED: 2016-2020.html
CHANGED: 2021-2025.html
CHANGED: all-kinds-of-cars.html
CHANGED: all-kinds-of-planes.html
CHANGED: article-one.html
CHANGED: building-hub.html
CHANGED: chromogenic-process.html
CHANGED: contact.html
CHANGED: deardorff.html
CHANGED: demyulederby.html
CHANGED: durst-printo.html
CHANGED: figure-01-limestone-cave.html
CHANGED: figure-02-earths-layers.html
CHANGED: figure-03-volcanos.html
CHANGED: fp-blend.html
CHANGED: google-dots.html
CHANGED: index.html
CHANGED: information.html
CHANGED: magic-tricks.html
CHANGED: nature.html
CHANGED: other.html
CHANGED: photography-hub.html
CHANGED: photography.html
CHANGED: poo-power.html
CHANGED: rejects.html
CHANGED: sanjam.html
CHANGED: sound.html
CHANGED: stills-viewer.html
CHANGED: sunvisor.html
CHANGED: work.html
CHANGED: working-in-teams.html

Total changed: 33
